Build started 9/11/2015 12:54:07 AM.
     1>Project "C:\Irvine\Examples\Project32\Project.vcxproj" on node 2 (Build target(s)).
     1>_MASM:
         Assembling ..\ch03\AddTwo.asm...
         cmd.exe /C "C:\Users\Ken\AppData\Local\Temp\tmp7d944fded5e14de8a58df18f2f6dce76.cmd"
         ml.exe /c /nologo /EP /Sa /Sg /WX /Zi /Fo"Debug\AddTwo.obj" /Fl"Project.lst" /I "c:\Irvine" /W3 /errorReport:prompt  /Ta..\ch03\AddTwo.asm
       Link:
         C:\Program Files (x86)\Microsoft Visual Studio 12.0\VC\bin\link.exe /ERRORREPORT:PROMPT /OUT:"C:\Irvine\Examples\Project32\Debug\Project.exe" /NOLOGO /LIBPATH:c:\Irvine user32.lib irvine32.lib kernel32.lib user32.lib gdi32.lib winspool.lib comdlg32.lib advapi32.lib shell32.lib ole32.lib oleaut32.lib uuid.lib odbc32.lib odbccp32.lib /MANIFEST /MANIFESTUAC:"level='asInvoker' uiAccess='false'" /manifest:embed /DEBUG /PDB:"C:\Irvine\Examples\Project32\Debug\Project.pdb" /SUBSYSTEM:CONSOLE /TLBID:1 /DYNAMICBASE:NO /IMPLIB:"C:\Irvine\Examples\Project32\Debug\Project.lib" /MACHINE:X86 /SAFESEH:NO Debug\AddTwo.obj
     1>LINK : fatal error LNK1104: cannot open file 'Debug\AddTwo.obj'
     1>Done Building Project "C:\Irvine\Examples\Project32\Project.vcxproj" (Build target(s)) -- FAILED.

Build FAILED.

Time Elapsed 00:00:00.18
